============================= test session starts ==============================
platform darwin -- Python 3.12.6, pytest-9.0.1, pluggy-1.6.0 -- /Users/craighoad/.pyenv/versions/3.12.6/bin/python
cachedir: .pytest_cache
rootdir: /private/tmp/cloudctl-skill
configfile: pyproject.toml
plugins: mock-3.15.1, asyncio-1.3.0, cov-7.0.0, anyio-4.13.0
asyncio: mode=Mode.STRICT, debug=False, asyncio_default_fixture_loop_scope=None, asyncio_default_test_loop_scope=function
collecting ... collected 30 items

tests/test_cloudctl_skill.py::TestCloudProvider::test_provider_values PASSED [  3%]
tests/test_cloudctl_skill.py::TestCloudProvider::test_provider_from_string PASSED [  6%]
tests/test_cloudctl_skill.py::TestTokenStatus::test_valid_token_status PASSED [ 10%]
tests/test_cloudctl_skill.py::TestTokenStatus::test_expired_token_status PASSED [ 13%]
tests/test_cloudctl_skill.py::TestCommandResult::test_successful_result PASSED [ 16%]
tests/test_cloudctl_skill.py::TestCommandResult::test_failed_result PASSED [ 20%]
tests/test_cloudctl_skill.py::TestCloudContext::test_aws_context PASSED  [ 23%]
tests/test_cloudctl_skill.py::TestCloudContext::test_gcp_context PASSED  [ 26%]
tests/test_cloudctl_skill.py::TestCloudContext::test_context_string_representation PASSED [ 30%]
tests/test_cloudctl_skill.py::TestSkillConfig::test_default_config PASSED [ 33%]
tests/test_cloudctl_skill.py::TestSkillConfig::test_config_validation PASSED [ 36%]
tests/test_cloudctl_skill.py::TestOperationLog::test_operation_log_creation PASSED [ 40%]
tests/test_cloudctl_skill.py::TestOperationLog::test_operation_log_jsonl PASSED [ 43%]
tests/test_cloudctl_skill.py::TestConfiguration::test_config_from_env PASSED [ 46%]
tests/test_cloudctl_skill.py::TestConfiguration::test_config_validation_timeout PASSED [ 50%]
tests/test_cloudctl_skill.py::TestConfiguration::test_config_validation_retries PASSED [ 53%]
tests/test_cloudctl_skill.py::TestContextOperations::test_parse_context PASSED [ 56%]
tests/test_cloudctl_skill.py::TestContextOperations::test_parse_context_minimal PASSED [ 60%]
tests/test_cloudctl_skill.py::TestContextOperations::test_switch_context_invalid_org PASSED [ 63%]
tests/test_cloudctl_skill.py::TestContextOperations::test_switch_region_invalid_region PASSED [ 66%]
tests/test_cloudctl_skill.py::TestCredentials::test_verify_credentials_valid PASSED [ 70%]
tests/test_cloudctl_skill.py::TestCredentials::test_login_invalid_org PASSED [ 73%]
tests/test_cloudctl_skill.py::TestHealthCheck::test_health_check_result PASSED [ 76%]
tests/test_cloudctl_skill.py::TestMultiCloud::test_context_aws PASSED    [ 80%]
tests/test_cloudctl_skill.py::TestMultiCloud::test_context_gcp PASSED    [ 83%]
tests/test_cloudctl_skill.py::TestMultiCloud::test_azure_context PASSED  [ 86%]
tests/test_cloudctl_skill.py::TestErrorHandling::test_execute_cloudctl_not_found PASSED [ 90%]
tests/test_cloudctl_skill.py::TestIntegration::test_skill_initialization PASSED [ 93%]
tests/test_cloudctl_skill.py::TestIntegration::test_default_skill_initialization PASSED [ 96%]
tests/test_cloudctl_skill.py::test_async_operations PASSED               [100%]

=============================== warnings summary ===============================
tests/test_cloudctl_skill.py::TestTokenStatus::test_expired_token_status
  /private/tmp/cloudctl-skill/tests/test_cloudctl_skill.py:131: DeprecationWarning: datetime.datetime.utcnow() is deprecated and scheduled for removal in a future version. Use timezone-aware objects to represent datetimes in UTC: datetime.datetime.now(datetime.UTC).
    expired_at = datetime.utcnow() - timedelta(hours=1)

tests/test_cloudctl_skill.py: 12 warnings
  /Users/craighoad/.local/lib/python3.12/site-packages/pydantic/main.py:250: DeprecationWarning: datetime.datetime.utcnow() is deprecated and scheduled for removal in a future version. Use timezone-aware objects to represent datetimes in UTC: datetime.datetime.now(datetime.UTC).
    validated_self = self.__pydantic_validator__.validate_python(data, self_instance=self)

-- Docs: https://docs.pytest.org/en/stable/how-to/capture-warnings.html
======================= 30 passed, 13 warnings in 0.08s ========================
